<?xml version="1.0" encoding="UTF-8"?>
<!-- Generated by org.testng.reporters.JUnitReportReporter -->
<testsuite hostname="DESKTOP-M5EEGCH" failures="0" tests="1" name="testCases.LoginPageTest" time="11.164" errors="0" timestamp="2025-03-12T10:43:23 IST" skipped="0">
  <testcase classname="testCases.LoginPageTest" name="LoginToAppliction" time="11.164"/>
  <system-out>
    <![CDATA[Login Successful =https://www.saucedemo.com/inventory.html]]>
  </system-out>
</testsuite> <!-- testCases.LoginPageTest -->
