<?xml version="1.0" encoding="UTF-8"?>
<!-- Generated by org.testng.reporters.JUnitReportReporter -->
<testsuite hostname="DESKTOP-M5EEGCH" failures="0" tests="1" name="testCases.CheckOutStep_OnePageTest" time="8.687" errors="0" timestamp="2025-03-11T19:41:17 IST" skipped="0">
  <testcase classname="testCases.CheckOutStep_OnePageTest" name="informationTest" time="8.687"/>
  <system-out>
    <![CDATA[Checkout step 1 page =https://www.saucedemo.com/checkout-complete.html]]>
  </system-out>
</testsuite> <!-- testCases.CheckOutStep_OnePageTest -->
