<?xml version="1.0" encoding="UTF-8"?>
<!-- Generated by org.testng.reporters.JUnitReportReporter -->
<testsuite hostname="DESKTOP-M5EEGCH" failures="0" tests="3" name="testCases.LoginPageTest" time="0.888" errors="0" timestamp="2025-02-20T10:29:53 IST" skipped="0">
  <testcase classname="testCases.LoginPageTest" name="LoginToAppliction" time="0.803"/>
  <system-out>
    <![CDATA[Login Successful =https://www.saucedemo.com/inventory.html]]>
  </system-out>
  <testcase classname="testCases.LoginPageTest" name="VerifyTitleOfApplicationTest" time="0.045"/>
  <system-out>
    <![CDATA[Swag labs Title=Swag Labs]]>
  </system-out>
  <testcase classname="testCases.LoginPageTest" name="VerifyURLOfApplicationTest" time="0.040"/>
  <system-out>
    <![CDATA[SWag Labs URL =https://www.saucedemo.com/inventory.html]]>
  </system-out>
</testsuite> <!-- testCases.LoginPageTest -->
