<?xml version="1.0" encoding="UTF-8"?>
<!-- Generated by org.testng.reporters.JUnitReportReporter -->
<testsuite hostname="DESKTOP-M5EEGCH" failures="0" tests="2" name="testCases.InventorypageTest" time="30.614" errors="0" timestamp="2025-03-11T19:41:17 IST" skipped="0">
  <testcase classname="testCases.InventorypageTest" name="VerifyTwitterLogoTest" time="23.288"/>
  <system-out>
    <![CDATA[Twitter Logo is present =true]]>
  </system-out>
  <testcase classname="testCases.InventorypageTest" name="VerifyLinkedInLogoTest" time="7.326"/>
  <system-out>
    <![CDATA[LinkedInLogo is present=true]]>
  </system-out>
</testsuite> <!-- testCases.InventorypageTest -->
