<?xml version="1.0" encoding="UTF-8"?>
<!-- Generated by org.testng.reporters.JUnitReportReporter -->
<testsuite hostname="DESKTOP-M5EEGCH" failures="0" tests="1" name="testCases.CartPageTest" time="7.639" errors="0" timestamp="2025-03-11T19:41:17 IST" skipped="0">
  <testcase classname="testCases.CartPageTest" name="SwagLabsTitleTest" time="7.639"/>
  <system-out>
    <![CDATA[Title of Swag Page =Swag Labs]]>
  </system-out>
</testsuite> <!-- testCases.CartPageTest -->
